<?xml version="1.0" encoding="UTF-8"?>
<!-- Generated by org.testng.reporters.JUnitXMLReporter -->
<testsuite ignored="0" hostname="Anees" failures="0" tests="15" name="Surefire test" time="45.795" errors="0" timestamp="2024-09-01T12:55:10 IST">
  <testcase classname="com.qa.testSCripts.BusinessSetUpTest" name="verifyNewBusinessSetupSection" time="0.003"/>
  <testcase classname="com.qa.testSCripts.BusinessSetUpTest" name="verifyTranslationServiceSection" time="0.0"/>
  <testcase classname="com.qa.testSCripts.BusinessSetUpTest" name="verifyAttestationSection" time="0.001"/>
  <testcase classname="com.qa.testSCripts.HomePageTest" name="verifyHeaderMenue" time="20.529"/>
  <testcase classname="com.qa.testSCripts.HomePageTest" name="verifyHeroWidgetMenue" time="0.041"/>
  <testcase classname="com.qa.testSCripts.HomePageTest" name="verifyGrowExponentiallyMenue" time="2.456"/>
  <testcase classname="com.qa.testSCripts.HomePageTest" name="verifyOurServicesMenue" time="0.0"/>
  <testcase classname="com.qa.testSCripts.HomePageTest" name="verifyAboutMenue" time="0.0"/>
  <testcase classname="com.qa.testSCripts.HomePageTest" name="verifyFooterMenue" time="0.0"/>
  <testcase classname="com.qa.testSCripts.UmrahPackageTest" name="verifyUmrahByBus" time="0.0"/>
  <testcase classname="com.qa.testSCripts.UmrahPackageTest" name="verifyUmrahByAir" time="0.001"/>
  <testcase classname="com.qa.testSCripts.UmrahPackageTest" name="verifyUmrahByAirWithLuxuary" time="0.001"/>
  <testcase classname="com.qa.testSCripts.VisaServiceTest" name="verifyVisitVisa" time="0.001"/>
  <testcase classname="com.qa.testSCripts.VisaServiceTest" name="verifyFamilVisa" time="0.001"/>
  <testcase classname="com.qa.testSCripts.VisaServiceTest" name="verifyVisaChangeByAir" time="0.002"/>
</testsuite> <!-- Surefire test -->
