<?xml version="1.0" encoding="UTF-8"?>
<!-- Generated by org.testng.reporters.JUnitXMLReporter -->
<testsuite ignored="0" hostname="Anees" failures="0" tests="7" name="Default test" time="21.157" errors="0" timestamp="2024-09-03T00:46:52 IST">
  <testcase classname="com.qa.testSCripts.HomePageTest" name="verifyHeaderMenue" time="10.697"/>
  <testcase classname="com.qa.testSCripts.HomePageTest" name="verifyHeroWidgetMenue" time="0.05"/>
  <testcase classname="com.qa.testSCripts.HomePageTest" name="verifyGrowExponentiallyMenue" time="2.432"/>
  <testcase classname="com.qa.testSCripts.HomePageTest" name="verifyOurServicesMenue" time="0.002"/>
  <testcase classname="com.qa.testSCripts.HomePageTest" name="verifyAboutMenue" time="0.002"/>
  <testcase classname="com.qa.testSCripts.HomePageTest" name="verifyFooterMenue" time="0.002"/>
  <testcase classname="com.qa.testSCripts.HomePageTest" name="verifyFooterMenue2" time="0.002"/>
</testsuite> <!-- Default test -->
