<?xml version="1.0" encoding="UTF-8"?>
<!-- Generated by org.testng.reporters.JUnitXMLReporter -->
<testsuite ignored="7" hostname="Anees" failures="0" tests="1" name="Default test" time="18.711" errors="0" timestamp="2024-09-02T23:09:26 IST">
  <testcase classname="com.qa.testSCripts.HomePageTest" name="verifyHeaderMenue" time="11.232"/>
  <testcase classname="com.qa.testSCripts.HomePageTest" name="verifyOurServicesMenue" time="0.0">
    <ignored/>
  </testcase> <!-- verifyOurServicesMenue -->
  <testcase classname="com.qa.testSCripts.HomePageTest" name="verifyFooterMenue" time="0.0">
    <ignored/>
  </testcase> <!-- verifyFooterMenue -->
  <testcase classname="com.qa.testSCripts.HomePageTest" name="verifyGrowExponentiallyMenue" time="0.0">
    <ignored/>
  </testcase> <!-- verifyGrowExponentiallyMenue -->
  <testcase classname="com.qa.testSCripts.HomePageTest" name="verifyAboutMenue" time="0.0">
    <ignored/>
  </testcase> <!-- verifyAboutMenue -->
  <testcase classname="com.qa.testSCripts.HomePageTest" name="verifyHeroWidgetMenue" time="0.0">
    <ignored/>
  </testcase> <!-- verifyHeroWidgetMenue -->
  <testcase classname="com.qa.testSCripts.HomePageTest" name="verifyFooterMenue2" time="0.0">
    <ignored/>
  </testcase> <!-- verifyFooterMenue2 -->
  <testcase classname="com.qa.testSCripts.HomePageTest" name="verifyHeroWidgetMenu" time="0.0">
    <ignored/>
  </testcase> <!-- verifyHeroWidgetMenu -->
</testsuite> <!-- Default test -->
