<?xml version="1.0" encoding="UTF-8"?>
<!-- Generated by org.testng.reporters.JUnitXMLReporter -->
<testsuite ignored="0" hostname="Anees" failures="0" tests="8" name="Test" time="36.668" errors="0" timestamp="2024-07-21T20:55:10 IST">
  <testcase classname="com.qa.testSCripts.TC_HomePage" name="verifyNavigationMenue" time="26.028"/>
  <testcase classname="com.qa.testSCripts.TC_HomePage" name="verifyHer0WidgetMenue" time="0.089"/>
  <testcase classname="com.qa.testSCripts.TC_HomePage" name="verifyGrowExponentiallyMenue" time="2.837"/>
  <testcase classname="com.qa.testSCripts.TC_HomePage" name="verifyChooseYourPlaceMenue" time="0.002"/>
  <testcase classname="com.qa.testSCripts.TC_HomePage" name="verifyUmrahToursMenue" time="0.0"/>
  <testcase classname="com.qa.testSCripts.TC_HomePage" name="verifyBusinessEssentialsMenue" time="0.0"/>
  <testcase classname="com.qa.testSCripts.TC_HomePage" name="verifyVisaServicesMenue" time="0.0"/>
  <testcase classname="com.qa.testSCripts.TC_HomePage" name="verifyFooterMenue" time="0.002"/>
</testsuite> <!-- Test -->
