<?xml version="1.0" encoding="UTF-8"?>
<testng-results ignored="0" total="8" passed="8" failed="0" skipped="0">
  <reporter-output>
    <line>
      <![CDATA[User able to see Umrah package Title and Sub Title]]>
    </line>
    <line>
      <![CDATA[User clicked on Contact us button in hero widget module]]>
    </line>
    <line>
      <![CDATA[User able to see Title and Sub Title ]]>
    </line>
  </reporter-output>
  <suite started-at="2024-09-02T23:09:52 IST" name="QM" finished-at="2024-09-02T23:10:10 IST" duration-ms="17600">
    <groups>
    </groups>
    <test started-at="2024-09-02T23:09:52 IST" name="Test" finished-at="2024-09-02T23:10:10 IST" duration-ms="17600">
      <class name="com.qa.testSCripts.HomePageTest">
        <test-method is-config="true" signature="setup()[pri:0, instance:com.qa.testSCripts.HomePageTest@5b247367]" started-at="2024-09-02T23:09:52 IST" name="setup" finished-at="2024-09-02T23:09:57 IST" duration-ms="5062" status="PASS">
          <reporter-output>
          </reporter-output>
        </test-method> <!-- setup -->
        <test-method signature="verifyHeaderMenue()[pri:1, instance:com.qa.testSCripts.HomePageTest@5b247367]" started-at="2024-09-02T23:09:57 IST" name="verifyHeaderMenue" finished-at="2024-09-02T23:10:07 IST" duration-ms="9640" status="PASS">
          <reporter-output>
          </reporter-output>
        </test-method> <!-- verifyHeaderMenue -->
        <test-method signature="verifyHeroWidgetMenu()[pri:2, instance:com.qa.testSCripts.HomePageTest@5b247367]" started-at="2024-09-02T23:10:07 IST" name="verifyHeroWidgetMenu" finished-at="2024-09-02T23:10:07 IST" duration-ms="41" status="PASS">
          <reporter-output>
          </reporter-output>
        </test-method> <!-- verifyHeroWidgetMenu -->
        <test-method signature="verifyHeroWidgetMenue()[pri:2, instance:com.qa.testSCripts.HomePageTest@5b247367]" started-at="2024-09-02T23:10:07 IST" name="verifyHeroWidgetMenue" finished-at="2024-09-02T23:10:07 IST" duration-ms="24" status="PASS">
          <reporter-output>
            <line>
              <![CDATA[User able to see Umrah package Title and Sub Title]]>
            </line>
            <line>
              <![CDATA[User clicked on Contact us button in hero widget module]]>
            </line>
          </reporter-output>
        </test-method> <!-- verifyHeroWidgetMenue -->
        <test-method signature="verifyGrowExponentiallyMenue()[pri:3, instance:com.qa.testSCripts.HomePageTest@5b247367]" started-at="2024-09-02T23:10:07 IST" name="verifyGrowExponentiallyMenue" finished-at="2024-09-02T23:10:09 IST" duration-ms="2436" status="PASS">
          <reporter-output>
            <line>
              <![CDATA[User able to see Title and Sub Title ]]>
            </line>
          </reporter-output>
        </test-method> <!-- verifyGrowExponentiallyMenue -->
        <test-method signature="verifyAboutMenue()[pri:5, instance:com.qa.testSCripts.HomePageTest@5b247367]" started-at="2024-09-02T23:10:09 IST" name="verifyAboutMenue" finished-at="2024-09-02T23:10:09 IST" duration-ms="0" status="PASS">
          <reporter-output>
          </reporter-output>
        </test-method> <!-- verifyAboutMenue -->
        <test-method signature="verifyOurServicesMenue()[pri:4, instance:com.qa.testSCripts.HomePageTest@5b247367]" started-at="2024-09-02T23:10:09 IST" name="verifyOurServicesMenue" finished-at="2024-09-02T23:10:09 IST" duration-ms="0" status="PASS">
          <reporter-output>
          </reporter-output>
        </test-method> <!-- verifyOurServicesMenue -->
        <test-method signature="verifyFooterMenue()[pri:6, instance:com.qa.testSCripts.HomePageTest@5b247367]" started-at="2024-09-02T23:10:09 IST" name="verifyFooterMenue" finished-at="2024-09-02T23:10:09 IST" duration-ms="0" status="PASS">
          <reporter-output>
          </reporter-output>
        </test-method> <!-- verifyFooterMenue -->
        <test-method signature="verifyFooterMenue2()[pri:7, instance:com.qa.testSCripts.HomePageTest@5b247367]" started-at="2024-09-02T23:10:09 IST" name="verifyFooterMenue2" finished-at="2024-09-02T23:10:09 IST" duration-ms="3" status="PASS">
          <reporter-output>
          </reporter-output>
        </test-method> <!-- verifyFooterMenue2 -->
        <test-method is-config="true" signature="tearDown()[pri:0, instance:com.qa.testSCripts.HomePageTest@5b247367]" started-at="2024-09-02T23:10:09 IST" name="tearDown" finished-at="2024-09-02T23:10:10 IST" duration-ms="319" status="PASS">
          <reporter-output>
          </reporter-output>
        </test-method> <!-- tearDown -->
      </class> <!-- com.qa.testSCripts.HomePageTest -->
    </test> <!-- Test -->
  </suite> <!-- QM -->
</testng-results>
