<?xml version="1.0" encoding="UTF-8"?>
<testsuite xmlns:xsi="http://www.w3.org/2001/XMLSchema-instance" xsi:noNamespaceSchemaLocation="https://maven.apache.org/surefire/maven-surefire-plugin/xsd/surefire-test-report.xsd" version="3.0.2" name="TestSuite" time="18.62" tests="8" errors="0" skipped="0" failures="0">
  <properties>
[...]
</properties>
  <testcase name="verifyHeaderMenue" classname="com.qa.testSCripts.HomePageTest" time="9.642">
    <system-err><![CDATA[SLF4J: Failed to load class "org.slf4j.impl.StaticLoggerBinder".
SLF4J: Defaulting to no-operation (NOP) logger implementation
SLF4J: See http://www.slf4j.org/codes.html#StaticLoggerBinder for further details.
Starting ChromeDriver 127.0.6533.119 (bdef6783a05f0b3f885591e7d2c7b2aec1a89dea-refs/branch-heads/6533@{#1999}) on port 25974
Only local connections are allowed.
Please see https://chromedriver.chromium.org/security-considerations for suggestions on keeping ChromeDriver safe.
ChromeDriver was started successfully.
Sept 02, 2024 11:09:54 PM org.openqa.selenium.remote.ProtocolHandshake createSession
INFO: Detected dialect: W3C
]]></system-err>
  </testcase>
  <testcase name="verifyHeroWidgetMenu" classname="com.qa.testSCripts.HomePageTest" time="0.038"/>
  <testcase name="verifyHeroWidgetMenue" classname="com.qa.testSCripts.HomePageTest" time="0.025"/>
  <testcase name="verifyGrowExponentiallyMenue" classname="com.qa.testSCripts.HomePageTest" time="2.436">
    <system-out><![CDATA[Business SetUp
Umrah Performed
Visa Services
International Awards
]]></system-out>
  </testcase>
  <testcase name="verifyOurServicesMenue" classname="com.qa.testSCripts.HomePageTest" time="0.0"/>
  <testcase name="verifyAboutMenue" classname="com.qa.testSCripts.HomePageTest" time="0.0"/>
  <testcase name="verifyFooterMenue" classname="com.qa.testSCripts.HomePageTest" time="0.0"/>
  <testcase name="verifyFooterMenue2" classname="com.qa.testSCripts.HomePageTest" time="0.003"/>
</testsuite>