<?xml version="1.0" encoding="UTF-8"?>
<!-- Generated by org.testng.reporters.JUnitXMLReporter -->
<testsuite ignored="0" hostname="Anees" failures="0" tests="6" name="Test" time="18.966" errors="0" timestamp="2024-08-31T14:09:13 IST">
  <testcase classname="com.qa.testSCripts.HomePageTest" name="verifyHeaderMenue" time="8.694"/>
  <testcase classname="com.qa.testSCripts.HomePageTest" name="verifyHeroWidgetMenue" time="0.07"/>
  <testcase classname="com.qa.testSCripts.HomePageTest" name="verifyGrowExponentiallyMenue" time="2.72"/>
  <testcase classname="com.qa.testSCripts.HomePageTest" name="verifyOurServicesMenue" time="0.007"/>
  <testcase classname="com.qa.testSCripts.HomePageTest" name="verifyAboutMenue" time="0.004"/>
  <testcase classname="com.qa.testSCripts.HomePageTest" name="verifyFooterMenue" time="0.007"/>
</testsuite> <!-- Test -->
