<?xml version="1.0" encoding="UTF-8"?>
<testng-results ignored="6" total="7" passed="1" failed="0" skipped="0">
  <reporter-output>
  </reporter-output>
  <suite started-at="2024-09-02T23:51:57 IST" name="Default suite" finished-at="2024-09-02T23:52:16 IST" duration-ms="19168">
    <groups>
    </groups>
    <test started-at="2024-09-02T23:51:57 IST" name="Default test" finished-at="2024-09-02T23:52:16 IST" duration-ms="19168">
      <class name="com.qa.testSCripts.HomePageTest">
        <test-method is-config="true" signature="setup()[pri:0, instance:com.qa.testSCripts.HomePageTest@2898ac89]" started-at="2024-09-02T23:51:57 IST" name="setup" finished-at="2024-09-02T23:52:03 IST" duration-ms="5692" status="PASS">
          <reporter-output>
          </reporter-output>
        </test-method> <!-- setup -->
        <test-method signature="verifyHeaderMenue()[pri:1, instance:com.qa.testSCripts.HomePageTest@2898ac89]" started-at="2024-09-02T23:52:03 IST" name="verifyHeaderMenue" finished-at="2024-09-02T23:52:16 IST" duration-ms="12983" status="PASS">
          <reporter-output>
          </reporter-output>
        </test-method> <!-- verifyHeaderMenue -->
        <test-method is-config="true" signature="tearDown()[pri:0, instance:com.qa.testSCripts.HomePageTest@2898ac89]" started-at="2024-09-02T23:52:16 IST" name="tearDown" finished-at="2024-09-02T23:52:16 IST" duration-ms="427" status="PASS">
          <reporter-output>
          </reporter-output>
        </test-method> <!-- tearDown -->
      </class> <!-- com.qa.testSCripts.HomePageTest -->
    </test> <!-- Default test -->
  </suite> <!-- Default suite -->
</testng-results>
