<?xml version="1.0" encoding="UTF-8"?>
<!-- Generated by org.testng.reporters.JUnitXMLReporter -->
<testsuite ignored="0" hostname="Anees" failures="0" tests="7" name="Test" time="23.078" errors="0" timestamp="2024-09-03T00:40:40 IST">
  <testcase classname="com.qa.testSCripts.HomePageTest" name="verifyHeaderMenue" time="12.851"/>
  <testcase classname="com.qa.testSCripts.HomePageTest" name="verifyHeroWidgetMenue" time="0.056"/>
  <testcase classname="com.qa.testSCripts.HomePageTest" name="verifyGrowExponentiallyMenue" time="2.472"/>
  <testcase classname="com.qa.testSCripts.HomePageTest" name="verifyOurServicesMenue" time="0.0"/>
  <testcase classname="com.qa.testSCripts.HomePageTest" name="verifyAboutMenue" time="0.0"/>
  <testcase classname="com.qa.testSCripts.HomePageTest" name="verifyFooterMenue" time="0.0"/>
  <testcase classname="com.qa.testSCripts.HomePageTest" name="verifyFooterMenue2" time="0.001"/>
</testsuite> <!-- Test -->
